[1018/180807:ERROR:file_io.cc(30)] read: expected 36, observed 0
[1018/182244:ERROR:file_io.cc(30)] read: expected 36, observed 0
[1018/190524:ERROR:file_io.cc(30)] read: expected 36, observed 0
[1018/191110:ERROR:file_io.cc(30)] read: expected 36, observed 0
[1018/191600:ERROR:file_io.cc(30)] read: expected 36, observed 0
[1018/220338:ERROR:file_io.cc(30)] read: expected 36, observed 0
[1018/223552:ERROR:file_io.cc(30)] read: expected 36, observed 0
[1019/161253:ERROR:file_io.cc(30)] read: expected 36, observed 0
[1019/161513:ERROR:file_io.cc(30)] read: expected 36, observed 0
[1019/164912:ERROR:process_info.cc(608)] range at 0xf219374c00000000, size 0x27e fully unreadable
[1019/164912:ERROR:process_info.cc(608)] range at 0xf21937ae00000000, size 0x27e fully unreadable
[1019/164912:ERROR:process_info.cc(608)] range at 0x0, size 0x27e fully unreadable
[1019/164913:WARNING:in_range_cast.h(38)] value 2744251012524 out of range
[1019/164913:WARNING:in_range_cast.h(38)] value 2744251010560 out of range
[1019/164913:WARNING:in_range_cast.h(38)] value 2744251012146 out of range
[1019/164913:WARNING:in_range_cast.h(38)] value 2744251359520 out of range
[1019/184418:ERROR:process_reader_win.cc(142)] SuspendThread: Access is denied. (0x5)
[1019/184418:ERROR:process_reader_win.cc(142)] SuspendThread: Access is denied. (0x5)
[1019/184418:ERROR:process_reader_win.cc(142)] SuspendThread: Access is denied. (0x5)
[1019/184418:ERROR:process_reader_win.cc(142)] SuspendThread: Access is denied. (0x5)
[1019/184418:ERROR:process_reader_win.cc(142)] SuspendThread: Access is denied. (0x5)
[1019/184418:ERROR:exception_snapshot_win.cc(87)] thread ID 8176 not found in process
[1019/184418:WARNING:crash_report_exception_handler.cc(56)] ProcessSnapshotWin::Initialize failed
[1019/184418:ERROR:process_reader_win.cc(142)] SuspendThread: Access is denied. (0x5)
[1019/184418:ERROR:process_reader_win.cc(142)] SuspendThread: Access is denied. (0x5)
[1019/184418:ERROR:process_reader_win.cc(142)] SuspendThread: Access is denied. (0x5)
[1019/184418:ERROR:process_reader_win.cc(142)] SuspendThread: Access is denied. (0x5)
[1019/184418:ERROR:process_reader_win.cc(142)] SuspendThread: Access is denied. (0x5)
[1019/184418:ERROR:process_reader_win.cc(142)] SuspendThread: Access is denied. (0x5)
[1019/184418:ERROR:exception_snapshot_win.cc(87)] thread ID 6788 not found in process
[1019/184418:WARNING:crash_report_exception_handler.cc(56)] ProcessSnapshotWin::Initialize failed
[1111/191012:ERROR:file_io.cc(30)] read: expected 36, observed 0
[1111/192143:ERROR:file_io.cc(30)] read: expected 36, observed 0
[1111/192333:ERROR:file_io.cc(30)] read: expected 36, observed 0
